[2025-12-20T13:32:08.937Z] {"timestamp":"2025-12-20T13:32:08.937Z","code":"ripcitybangwang","source":"kick","account":"retnoo","duration":1537,"message":null}
[2025-12-20T13:32:08.938Z] {"timestamp":"2025-12-20T13:32:08.938Z","code":"ripcitybangwang","source":"kick","account":"cacak999","duration":1956,"message":null}
[2025-12-20T13:32:08.938Z] {"timestamp":"2025-12-20T13:32:08.938Z","code":"ripcitybangwang","source":"kick","account":"pukidawnNN","duration":2279,"message":null}
[2025-12-20T13:32:08.938Z] {"timestamp":"2025-12-20T13:32:08.938Z","code":"ripcitybangwang","source":"kick","account":"SybalGorgon","duration":2669,"message":null}
[2025-12-20T13:32:08.947Z] {"timestamp":"2025-12-20T13:32:08.947Z","code":"ripcitybangwang","source":"kick","account":"GeobieK","duration":1449,"message":null}
[2025-12-20T14:03:19.433Z] {"timestamp":"2025-12-20T14:03:19.433Z","code":"bigonewwwww","source":"kick","account":"SybalGorgon","duration":3157,"message":null}
[2025-12-20T14:03:19.434Z] {"timestamp":"2025-12-20T14:03:19.434Z","code":"bigonewwwww","source":"kick","account":"retnoo","duration":1718,"message":null}
[2025-12-20T14:03:19.435Z] {"timestamp":"2025-12-20T14:03:19.435Z","code":"bigonewwwww","source":"kick","account":"cacak999","duration":1868,"message":null}
[2025-12-20T14:03:19.435Z] {"timestamp":"2025-12-20T14:03:19.435Z","code":"bigonewwwww","source":"kick","account":"GeobieK","duration":1583,"message":null}
[2025-12-20T14:03:19.436Z] {"timestamp":"2025-12-20T14:03:19.436Z","code":"bigonewwwww","source":"kick","account":"pukidawnNN","duration":3370,"message":null}
[2025-12-20T14:36:47.699Z] {"timestamp":"2025-12-20T14:36:47.699Z","code":"anotherbigone","source":"kick","account":"pukidawnNN","duration":1453,"message":null}
[2025-12-20T14:36:47.699Z] {"timestamp":"2025-12-20T14:36:47.699Z","code":"anotherbigone","source":"kick","account":"GeobieK","duration":2054,"message":null}
[2025-12-20T14:36:47.700Z] {"timestamp":"2025-12-20T14:36:47.700Z","code":"anotherbigone","source":"kick","account":"cacak999","duration":2216,"message":null}
[2025-12-20T14:36:47.700Z] {"timestamp":"2025-12-20T14:36:47.700Z","code":"anotherbigone","source":"kick","account":"retnoo","duration":1271,"message":null}
[2025-12-20T14:36:47.701Z] {"timestamp":"2025-12-20T14:36:47.701Z","code":"anotherbigone","source":"kick","account":"SybalGorgon","duration":1690,"message":null}
[2025-12-22T17:37:21.197Z] {"timestamp":"2025-12-22T17:37:21.197Z","code":"legendgamerrich","source":"kick","account":"pukidawnNN","duration":2211,"message":null}
[2025-12-22T17:37:21.200Z] {"timestamp":"2025-12-22T17:37:21.200Z","code":"legendgamerrich","source":"kick","account":"retnoo","duration":1927,"message":null}
[2025-12-22T17:37:21.202Z] {"timestamp":"2025-12-22T17:37:21.202Z","code":"legendgamerrich","source":"kick","account":"SybalGorgon","duration":915,"message":null}
[2025-12-22T17:37:21.204Z] {"timestamp":"2025-12-22T17:37:21.204Z","code":"legendgamerrich","source":"kick","account":"GeobieK","duration":1281,"message":null}
[2025-12-22T17:37:21.205Z] {"timestamp":"2025-12-22T17:37:21.205Z","code":"legendgamerrich","source":"kick","account":"cacak999","duration":1087,"message":null}
[2025-12-22T18:10:05.692Z] {"timestamp":"2025-12-22T18:10:05.691Z","code":"quick5wwcode","source":"kick","account":"pukidawnNN","duration":2061,"message":null}
[2025-12-22T18:10:05.703Z] {"timestamp":"2025-12-22T18:10:05.703Z","code":"quick5wwcode","source":"kick","account":"GeobieK","duration":2429,"message":null}
[2025-12-22T18:10:05.703Z] {"timestamp":"2025-12-22T18:10:05.703Z","code":"quick5wwcode","source":"kick","account":"SybalGorgon","duration":1715,"message":null}
[2025-12-22T18:10:05.704Z] {"timestamp":"2025-12-22T18:10:05.704Z","code":"quick5wwcode","source":"kick","account":"cacak999","duration":1382,"message":null}
[2025-12-22T18:10:05.705Z] {"timestamp":"2025-12-22T18:10:05.705Z","code":"quick5wwcode","source":"kick","account":"retnoo","duration":1127,"message":null}
[2025-12-23T17:35:07.499Z] {"timestamp":"2025-12-23T17:35:07.499Z","code":"hounds10ww","source":"kick","account":"SybalGorgon","duration":1165,"message":null}
[2025-12-23T17:35:07.504Z] {"timestamp":"2025-12-23T17:35:07.504Z","code":"hounds10ww","source":"kick","account":"pukidawnNN","duration":2112,"message":null}
[2025-12-23T17:35:07.510Z] {"timestamp":"2025-12-23T17:35:07.510Z","code":"hounds10ww","source":"kick","account":"cacak999","duration":1394,"message":null}
[2025-12-23T17:35:07.511Z] {"timestamp":"2025-12-23T17:35:07.511Z","code":"hounds10ww","source":"kick","account":"GeobieK","duration":942,"message":null}
[2025-12-23T17:35:07.512Z] {"timestamp":"2025-12-23T17:35:07.512Z","code":"hounds10ww","source":"kick","account":"retnoo","duration":1815,"message":null}
[2025-12-23T18:12:10.959Z] {"timestamp":"2025-12-23T18:12:10.959Z","code":"bjsoscammy","source":"kick","account":"pukidawnNN","duration":1136,"message":null}
[2025-12-23T18:12:10.968Z] {"timestamp":"2025-12-23T18:12:10.968Z","code":"bjsoscammy","source":"kick","account":"retnoo","duration":1969,"message":null}
[2025-12-23T18:12:10.970Z] {"timestamp":"2025-12-23T18:12:10.970Z","code":"bjsoscammy","source":"kick","account":"GeobieK","duration":1687,"message":null}
[2025-12-23T18:12:10.970Z] {"timestamp":"2025-12-23T18:12:10.970Z","code":"bjsoscammy","source":"kick","account":"cacak999","duration":848,"message":null}
[2025-12-23T18:12:10.971Z] {"timestamp":"2025-12-23T18:12:10.971Z","code":"bjsoscammy","source":"kick","account":"SybalGorgon","duration":1518,"message":null}
[2025-12-24T17:33:45.746Z] {"timestamp":"2025-12-24T17:33:45.746Z","code":"tome5bucks","source":"kick","account":"pukidawnNN","duration":1922,"message":null}
[2025-12-24T17:33:45.755Z] {"timestamp":"2025-12-24T17:33:45.755Z","code":"tome5bucks","source":"kick","account":"SybalGorgon","duration":1649,"message":null}
[2025-12-24T17:33:45.757Z] {"timestamp":"2025-12-24T17:33:45.757Z","code":"tome5bucks","source":"kick","account":"GeobieK","duration":1108,"message":null}
[2025-12-24T17:33:45.757Z] {"timestamp":"2025-12-24T17:33:45.757Z","code":"tome5bucks","source":"kick","account":"retnoo","duration":900,"message":null}
[2025-12-24T17:33:45.757Z] {"timestamp":"2025-12-24T17:33:45.757Z","code":"tome5bucks","source":"kick","account":"cacak999","duration":1315,"message":null}
[2025-12-24T18:04:59.136Z] {"timestamp":"2025-12-24T18:04:59.136Z","code":"joookersplit5","source":"kick","account":"SybalGorgon","duration":2060,"message":null}
[2025-12-24T18:04:59.147Z] {"timestamp":"2025-12-24T18:04:59.147Z","code":"joookersplit5","source":"kick","account":"GeobieK","duration":1578,"message":null}
[2025-12-24T18:04:59.148Z] {"timestamp":"2025-12-24T18:04:59.148Z","code":"joookersplit5","source":"kick","account":"pukidawnNN","duration":1177,"message":null}
[2025-12-24T18:04:59.149Z] {"timestamp":"2025-12-24T18:04:59.149Z","code":"joookersplit5","source":"kick","account":"retnoo","duration":1377,"message":null}
[2025-12-24T18:04:59.149Z] {"timestamp":"2025-12-24T18:04:59.149Z","code":"joookersplit5","source":"kick","account":"cacak999","duration":925,"message":null}
[2025-12-24T18:35:16.382Z] {"timestamp":"2025-12-24T18:35:16.382Z","code":"last5drop","source":"kick","account":"SybalGorgon","duration":968,"message":null}
[2025-12-24T18:35:16.385Z] {"timestamp":"2025-12-24T18:35:16.385Z","code":"last5drop","source":"kick","account":"GeobieK","duration":1456,"message":null}
[2025-12-24T18:35:16.386Z] {"timestamp":"2025-12-24T18:35:16.386Z","code":"last5drop","source":"kick","account":"pukidawnNN","duration":1239,"message":null}
[2025-12-24T18:35:16.387Z] {"timestamp":"2025-12-24T18:35:16.387Z","code":"last5drop","source":"kick","account":"retnoo","duration":1700,"message":null}
[2025-12-24T18:35:16.388Z] {"timestamp":"2025-12-24T18:35:16.388Z","code":"last5drop","source":"kick","account":"cacak999","duration":1971,"message":null}
[2025-12-25T17:37:32.347Z] {"timestamp":"2025-12-25T17:37:32.347Z","code":"thirdchristmas5","source":"manual","account":"pukidawnNN","duration":1021,"message":null}
[2025-12-25T17:47:40.682Z] {"timestamp":"2025-12-25T17:47:40.682Z","code":"christmas5www","source":"kick","account":"pukidawnNN","duration":991,"message":null}
[2025-12-25T17:47:40.686Z] {"timestamp":"2025-12-25T17:47:40.686Z","code":"christmas5www","source":"kick","account":"retnoo","duration":1559,"message":null}
[2025-12-25T17:47:40.687Z] {"timestamp":"2025-12-25T17:47:40.687Z","code":"christmas5www","source":"kick","account":"SybalGorgon","duration":1237,"message":null}
