[2025-12-20T10:59:56.076Z] {"timestamp":"2025-12-20T10:59:56.076Z","code":"6515kcodenow","source":"kick","account":"SybalGorgon","duration":1253,"message":"You haven't met the lifetime wagering requirement of *$ 15000* for this promotion."}
[2025-12-20T10:59:56.078Z] {"timestamp":"2025-12-20T10:59:56.078Z","code":"6515kcodenow","source":"kick","account":"pukidawnNN","duration":1384,"message":"You haven't met the lifetime wagering requirement of *$ 15000* for this promotion."}
[2025-12-20T10:59:56.078Z] {"timestamp":"2025-12-20T10:59:56.078Z","code":"6515kcodenow","source":"kick","account":"cacak999","duration":1226,"message":"You haven't met the lifetime wagering requirement of *$ 15000* for this promotion."}
[2025-12-20T10:59:56.080Z] {"timestamp":"2025-12-20T10:59:56.080Z","code":"6515kcodenow","source":"kick","account":"GeobieK","duration":1294,"message":"You haven't met the lifetime wagering requirement of *$ 15000* for this promotion."}
[2025-12-20T10:59:56.080Z] {"timestamp":"2025-12-20T10:59:56.080Z","code":"6515kcodenow","source":"kick","account":"retnoo","duration":167,"message":"Execution context was destroyed, most likely because of a navigation."}
[2025-12-20T11:00:15.914Z] {"timestamp":"2025-12-20T11:00:15.914Z","code":"6515kcodenoww","source":"kick","account":"SybalGorgon","duration":1650,"message":"The provided coupon code does not exist."}
[2025-12-20T11:00:15.915Z] {"timestamp":"2025-12-20T11:00:15.915Z","code":"6515kcodenoww","source":"kick","account":"pukidawnNN","duration":1184,"message":"The provided coupon code does not exist."}
[2025-12-20T11:00:15.916Z] {"timestamp":"2025-12-20T11:00:15.916Z","code":"6515kcodenoww","source":"kick","account":"cacak999","duration":1022,"message":"The provided coupon code does not exist."}
[2025-12-20T11:00:15.917Z] {"timestamp":"2025-12-20T11:00:15.917Z","code":"6515kcodenoww","source":"kick","account":"GeobieK","duration":1216,"message":"The provided coupon code does not exist."}
[2025-12-20T11:00:15.918Z] {"timestamp":"2025-12-20T11:00:15.918Z","code":"6515kcodenoww","source":"kick","account":"retnoo","duration":2539,"message":"The provided coupon code does not exist."}
[2025-12-20T11:00:25.290Z] {"timestamp":"2025-12-20T11:00:25.290Z","code":"6515kcodenoww00","source":"kick","account":"SybalGorgon","duration":1395,"message":"The provided coupon code does not exist."}
[2025-12-20T11:00:25.291Z] {"timestamp":"2025-12-20T11:00:25.291Z","code":"6515kcodenoww00","source":"kick","account":"pukidawnNN","duration":1417,"message":"The provided coupon code does not exist."}
[2025-12-20T11:00:25.291Z] {"timestamp":"2025-12-20T11:00:25.291Z","code":"6515kcodenoww00","source":"kick","account":"cacak999","duration":1016,"message":"The provided coupon code does not exist."}
[2025-12-20T11:00:25.292Z] {"timestamp":"2025-12-20T11:00:25.292Z","code":"6515kcodenoww00","source":"kick","account":"GeobieK","duration":1430,"message":"The provided coupon code does not exist."}
[2025-12-20T11:00:25.293Z] {"timestamp":"2025-12-20T11:00:25.293Z","code":"6515kcodenoww00","source":"kick","account":"retnoo","duration":2147,"message":"The provided coupon code does not exist."}
[2025-12-20T11:08:38.820Z] {"timestamp":"2025-12-20T11:08:38.820Z","code":"6515kcodenow","source":"kick","account":"GeobieK","duration":1045,"message":"You haven't met the lifetime wagering requirement of *$ 15000* for this promotion."}
[2025-12-20T11:08:38.822Z] {"timestamp":"2025-12-20T11:08:38.821Z","code":"6515kcodenow","source":"kick","account":"cacak999","duration":2936,"message":"You haven't met the lifetime wagering requirement of *$ 15000* for this promotion."}
[2025-12-20T11:08:38.822Z] {"timestamp":"2025-12-20T11:08:38.822Z","code":"6515kcodenow","source":"kick","account":"retnoo","duration":1351,"message":"You haven't met the lifetime wagering requirement of *$ 15000* for this promotion."}
[2025-12-20T11:08:38.823Z] {"timestamp":"2025-12-20T11:08:38.823Z","code":"6515kcodenow","source":"kick","account":"SybalGorgon","duration":1168,"message":"You haven't met the lifetime wagering requirement of *$ 15000* for this promotion."}
[2025-12-20T11:08:38.824Z] {"timestamp":"2025-12-20T11:08:38.824Z","code":"6515kcodenow","source":"kick","account":"pukidawnNN","duration":2383,"message":"You haven't met the lifetime wagering requirement of *$ 15000* for this promotion."}
[2025-12-20T12:30:11.340Z] {"timestamp":"2025-12-20T12:30:11.339Z","code":"INICODETES","source":"kick","account":"retnoo","duration":1225,"message":"The provided coupon code does not exist."}
[2025-12-20T12:30:11.344Z] {"timestamp":"2025-12-20T12:30:11.344Z","code":"INICODETES","source":"kick","account":"GeobieK","duration":1074,"message":"The provided coupon code does not exist."}
[2025-12-20T12:30:11.345Z] {"timestamp":"2025-12-20T12:30:11.345Z","code":"INICODETES","source":"kick","account":"pukidawnNN","duration":1314,"message":"The provided coupon code does not exist."}
[2025-12-20T12:30:11.346Z] {"timestamp":"2025-12-20T12:30:11.346Z","code":"INICODETES","source":"kick","account":"cacak999","duration":1176,"message":"The provided coupon code does not exist."}
[2025-12-20T12:30:11.347Z] {"timestamp":"2025-12-20T12:30:11.347Z","code":"INICODETES","source":"kick","account":"SybalGorgon","duration":2540,"message":"The provided coupon code does not exist."}
[2025-12-20T12:59:27.402Z] {"timestamp":"2025-12-20T12:59:27.402Z","code":"supppppppp","source":"kick","account":"GeobieK","duration":1088,"message":"The provided coupon code does not exist."}
[2025-12-20T12:59:27.415Z] {"timestamp":"2025-12-20T12:59:27.415Z","code":"supppppppp","source":"kick","account":"retnoo","duration":1232,"message":"The provided coupon code does not exist."}
[2025-12-20T12:59:27.415Z] {"timestamp":"2025-12-20T12:59:27.415Z","code":"supppppppp","source":"kick","account":"SybalGorgon","duration":1163,"message":"The provided coupon code does not exist."}
[2025-12-20T12:59:27.416Z] {"timestamp":"2025-12-20T12:59:27.416Z","code":"supppppppp","source":"kick","account":"cacak999","duration":1133,"message":"The provided coupon code does not exist."}
[2025-12-20T12:59:27.416Z] {"timestamp":"2025-12-20T12:59:27.416Z","code":"supppppppp","source":"kick","account":"pukidawnNN","duration":965,"message":"The provided coupon code does not exist."}
[2025-12-20T13:03:14.430Z] {"timestamp":"2025-12-20T13:03:14.430Z","code":"popopopo","source":"kick","account":"GeobieK","duration":1129,"message":"The provided coupon code does not exist."}
[2025-12-20T13:03:14.431Z] {"timestamp":"2025-12-20T13:03:14.431Z","code":"popopopo","source":"kick","account":"retnoo","duration":1152,"message":"The provided coupon code does not exist."}
[2025-12-20T13:03:14.431Z] {"timestamp":"2025-12-20T13:03:14.431Z","code":"popopopo","source":"kick","account":"SybalGorgon","duration":1283,"message":"The provided coupon code does not exist."}
[2025-12-20T13:03:14.431Z] {"timestamp":"2025-12-20T13:03:14.431Z","code":"popopopo","source":"kick","account":"cacak999","duration":1088,"message":"The provided coupon code does not exist."}
[2025-12-20T13:03:14.432Z] {"timestamp":"2025-12-20T13:03:14.431Z","code":"popopopo","source":"kick","account":"pukidawnNN","duration":997,"message":"The provided coupon code does not exist."}
[2025-12-20T13:06:40.255Z] {"timestamp":"2025-12-20T13:06:40.255Z","code":"drugs","source":"kick","account":"GeobieK","duration":2393,"message":"The provided coupon code does not exist."}
[2025-12-20T13:06:40.255Z] {"timestamp":"2025-12-20T13:06:40.255Z","code":"drugs","source":"kick","account":"retnoo","duration":2277,"message":"The provided coupon code does not exist."}
[2025-12-20T13:06:40.256Z] {"timestamp":"2025-12-20T13:06:40.256Z","code":"drugs","source":"kick","account":"SybalGorgon","duration":2308,"message":"The provided coupon code does not exist."}
[2025-12-20T13:06:40.256Z] {"timestamp":"2025-12-20T13:06:40.256Z","code":"drugs","source":"kick","account":"cacak999","duration":2175,"message":"The provided coupon code does not exist."}
[2025-12-20T13:06:40.256Z] {"timestamp":"2025-12-20T13:06:40.256Z","code":"drugs","source":"kick","account":"pukidawnNN","duration":2101,"message":"The provided coupon code does not exist."}
[2025-12-20T13:10:58.789Z] {"timestamp":"2025-12-20T13:10:58.789Z","code":"WWWWWWW","source":"kick","account":"GeobieK","duration":1092,"message":"The provided coupon code does not exist."}
[2025-12-20T13:10:58.790Z] {"timestamp":"2025-12-20T13:10:58.790Z","code":"WWWWWWW","source":"kick","account":"retnoo","duration":1244,"message":"The provided coupon code does not exist."}
[2025-12-20T13:10:58.790Z] {"timestamp":"2025-12-20T13:10:58.790Z","code":"WWWWWWW","source":"kick","account":"SybalGorgon","duration":1233,"message":"The provided coupon code does not exist."}
[2025-12-20T13:10:58.791Z] {"timestamp":"2025-12-20T13:10:58.791Z","code":"WWWWWWW","source":"kick","account":"cacak999","duration":1109,"message":"The provided coupon code does not exist."}
[2025-12-20T13:10:58.791Z] {"timestamp":"2025-12-20T13:10:58.791Z","code":"WWWWWWW","source":"kick","account":"pukidawnNN","duration":1046,"message":"The provided coupon code does not exist."}
[2025-12-20T13:11:07.173Z] {"timestamp":"2025-12-20T13:11:07.173Z","code":"WTFFFFFFFFFF","source":"kick","account":"GeobieK","duration":1144,"message":"Please slow down."}
[2025-12-20T13:11:07.173Z] {"timestamp":"2025-12-20T13:11:07.173Z","code":"WTFFFFFFFFFF","source":"kick","account":"retnoo","duration":1180,"message":"The provided coupon code does not exist."}
[2025-12-20T13:11:07.174Z] {"timestamp":"2025-12-20T13:11:07.174Z","code":"WTFFFFFFFFFF","source":"kick","account":"SybalGorgon","duration":964,"message":"Please slow down."}
[2025-12-20T13:11:07.174Z] {"timestamp":"2025-12-20T13:11:07.174Z","code":"WTFFFFFFFFFF","source":"kick","account":"cacak999","duration":1129,"message":"The provided coupon code does not exist."}
[2025-12-20T13:11:07.174Z] {"timestamp":"2025-12-20T13:11:07.174Z","code":"WTFFFFFFFFFF","source":"kick","account":"pukidawnNN","duration":1077,"message":"The provided coupon code does not exist."}
[2025-12-20T13:11:18.943Z] {"timestamp":"2025-12-20T13:11:18.943Z","code":"wwwwwwwwwww","source":"kick","account":"GeobieK","duration":1130,"message":"The provided coupon code does not exist."}
[2025-12-20T13:11:18.944Z] {"timestamp":"2025-12-20T13:11:18.944Z","code":"wwwwwwwwwww","source":"kick","account":"retnoo","duration":1146,"message":"The provided coupon code does not exist."}
[2025-12-20T13:11:18.944Z] {"timestamp":"2025-12-20T13:11:18.944Z","code":"wwwwwwwwwww","source":"kick","account":"SybalGorgon","duration":1286,"message":"The provided coupon code does not exist."}
[2025-12-20T13:11:18.944Z] {"timestamp":"2025-12-20T13:11:18.944Z","code":"wwwwwwwwwww","source":"kick","account":"cacak999","duration":1080,"message":"The provided coupon code does not exist."}
[2025-12-20T13:11:18.945Z] {"timestamp":"2025-12-20T13:11:18.945Z","code":"wwwwwwwwwww","source":"kick","account":"pukidawnNN","duration":995,"message":"The provided coupon code does not exist."}
[2025-12-20T13:32:50.850Z] {"timestamp":"2025-12-20T13:32:50.850Z","code":"wwwww","source":"kick","account":"retnoo","duration":1035,"message":"All available codes for this promotion have been claimed."}
[2025-12-20T13:32:50.859Z] {"timestamp":"2025-12-20T13:32:50.859Z","code":"wwwww","source":"kick","account":"cacak999","duration":1045,"message":"All available codes for this promotion have been claimed."}
[2025-12-20T13:32:50.860Z] {"timestamp":"2025-12-20T13:32:50.860Z","code":"wwwww","source":"kick","account":"pukidawnNN","duration":1095,"message":"All available codes for this promotion have been claimed."}
[2025-12-20T13:32:50.860Z] {"timestamp":"2025-12-20T13:32:50.860Z","code":"wwwww","source":"kick","account":"SybalGorgon","duration":1381,"message":"All available codes for this promotion have been claimed."}
[2025-12-20T13:32:50.860Z] {"timestamp":"2025-12-20T13:32:50.860Z","code":"wwwww","source":"kick","account":"GeobieK","duration":1186,"message":"All available codes for this promotion have been claimed."}
[2025-12-20T13:58:58.231Z] {"timestamp":"2025-12-20T13:58:58.231Z","code":"POPOPOPO","source":"kick","account":"SybalGorgon","duration":1216,"message":"The provided coupon code does not exist."}
[2025-12-20T13:58:58.232Z] {"timestamp":"2025-12-20T13:58:58.232Z","code":"POPOPOPO","source":"kick","account":"retnoo","duration":1019,"message":"The provided coupon code does not exist."}
[2025-12-20T13:58:58.232Z] {"timestamp":"2025-12-20T13:58:58.232Z","code":"POPOPOPO","source":"kick","account":"cacak999","duration":1050,"message":"The provided coupon code does not exist."}
[2025-12-20T13:58:58.232Z] {"timestamp":"2025-12-20T13:58:58.232Z","code":"POPOPOPO","source":"kick","account":"GeobieK","duration":1083,"message":"The provided coupon code does not exist."}
[2025-12-20T13:58:58.232Z] {"timestamp":"2025-12-20T13:58:58.232Z","code":"POPOPOPO","source":"kick","account":"pukidawnNN","duration":1981,"message":"The provided coupon code does not exist."}
[2025-12-20T14:00:12.578Z] {"timestamp":"2025-12-20T14:00:12.578Z","code":"wwwww","source":"kick","account":"SybalGorgon","duration":1226,"message":"All available codes for this promotion have been claimed."}
[2025-12-20T14:00:12.578Z] {"timestamp":"2025-12-20T14:00:12.578Z","code":"wwwww","source":"kick","account":"retnoo","duration":1137,"message":"All available codes for this promotion have been claimed."}
[2025-12-20T14:00:12.579Z] {"timestamp":"2025-12-20T14:00:12.579Z","code":"wwwww","source":"kick","account":"cacak999","duration":1069,"message":"All available codes for this promotion have been claimed."}
[2025-12-20T14:00:12.579Z] {"timestamp":"2025-12-20T14:00:12.579Z","code":"wwwww","source":"kick","account":"GeobieK","duration":1368,"message":"All available codes for this promotion have been claimed."}
[2025-12-20T14:00:12.580Z] {"timestamp":"2025-12-20T14:00:12.580Z","code":"wwwww","source":"kick","account":"pukidawnNN","duration":1816,"message":"All available codes for this promotion have been claimed."}
[2025-12-20T14:33:44.785Z] {"timestamp":"2025-12-20T14:33:44.785Z","code":"lmaoooo","source":"kick","account":"pukidawnNN","duration":1015,"message":"The provided coupon code does not exist."}
[2025-12-20T14:33:44.786Z] {"timestamp":"2025-12-20T14:33:44.786Z","code":"lmaoooo","source":"kick","account":"GeobieK","duration":1613,"message":"The provided coupon code does not exist."}
[2025-12-20T14:33:44.786Z] {"timestamp":"2025-12-20T14:33:44.786Z","code":"lmaoooo","source":"kick","account":"cacak999","duration":1229,"message":"The provided coupon code does not exist."}
[2025-12-20T14:33:44.787Z] {"timestamp":"2025-12-20T14:33:44.787Z","code":"lmaoooo","source":"kick","account":"retnoo","duration":949,"message":"The provided coupon code does not exist."}
[2025-12-20T14:33:44.787Z] {"timestamp":"2025-12-20T14:33:44.787Z","code":"lmaoooo","source":"kick","account":"SybalGorgon","duration":1097,"message":"The provided coupon code does not exist."}
